{"/usr/src/app/app.js": {"path":"/usr/src/app/app.js","statementMap":{"0":{"start":{"line":1,"column":16},"end":{"line":1,"column":34}},"1":{"start":{"line":2,"column":16},"end":{"line":2,"column":42}},"2":{"start":{"line":3,"column":12},"end":{"line":3,"column":21}},"3":{"start":{"line":4,"column":15},"end":{"line":4,"column":48}},"4":{"start":{"line":5,"column":19},"end":{"line":5,"column":41}},"5":{"start":{"line":6,"column":11},"end":{"line":13,"column":2}},"6":{"start":{"line":14,"column":17},"end":{"line":14,"column":36}},"7":{"start":{"line":15,"column":14},"end":{"line":15,"column":42}},"8":{"start":{"line":16,"column":23},"end":{"line":16,"column":70}},"9":{"start":{"line":17,"column":25},"end":{"line":17,"column":53}},"10":{"start":{"line":18,"column":29},"end":{"line":18,"column":61}},"11":{"start":{"line":19,"column":13},"end":{"line":19,"column":28}},"12":{"start":{"line":20,"column":23},"end":{"line":20,"column":42}},"13":{"start":{"line":21,"column":20},"end":{"line":21,"column":50}},"14":{"start":{"line":22,"column":12},"end":{"line":22,"column":91}},"15":{"start":{"line":23,"column":15},"end":{"line":23,"column":23}},"16":{"start":{"line":25,"column":14},"end":{"line":25,"column":16}},"17":{"start":{"line":26,"column":14},"end":{"line":26,"column":16}},"18":{"start":{"line":28,"column":19},"end":{"line":28,"column":74}},"19":{"start":{"line":31,"column":2},"end":{"line":31,"column":46}},"20":{"start":{"line":31,"column":25},"end":{"line":31,"column":44}},"21":{"start":{"line":32,"column":2},"end":{"line":42,"column":4}},"22":{"start":{"line":33,"column":4},"end":{"line":33,"column":36}},"23":{"start":{"line":34,"column":4},"end":{"line":41,"column":6}},"24":{"start":{"line":40,"column":6},"end":{"line":40,"column":16}},"25":{"start":{"line":46,"column":2},"end":{"line":57,"column":4}},"26":{"start":{"line":47,"column":4},"end":{"line":56,"column":6}},"27":{"start":{"line":48,"column":17},"end":{"line":48,"column":34}},"28":{"start":{"line":49,"column":23},"end":{"line":49,"column":45}},"29":{"start":{"line":50,"column":6},"end":{"line":50,"column":57}},"30":{"start":{"line":51,"column":6},"end":{"line":55,"column":8}},"31":{"start":{"line":52,"column":8},"end":{"line":52,"column":32}},"32":{"start":{"line":53,"column":8},"end":{"line":53,"column":22}},"33":{"start":{"line":54,"column":8},"end":{"line":54,"column":13}},"34":{"start":{"line":61,"column":2},"end":{"line":73,"column":4}},"35":{"start":{"line":62,"column":4},"end":{"line":72,"column":6}},"36":{"start":{"line":65,"column":17},"end":{"line":65,"column":34}},"37":{"start":{"line":66,"column":23},"end":{"line":66,"column":45}},"38":{"start":{"line":67,"column":18},"end":{"line":67,"column":49}},"39":{"start":{"line":68,"column":6},"end":{"line":70,"column":8}},"40":{"start":{"line":69,"column":8},"end":{"line":69,"column":31}},"41":{"start":{"line":71,"column":6},"end":{"line":71,"column":11}},"42":{"start":{"line":77,"column":20},"end":{"line":77,"column":25}},"43":{"start":{"line":78,"column":2},"end":{"line":80,"column":3}},"44":{"start":{"line":79,"column":4},"end":{"line":79,"column":36}},"45":{"start":{"line":81,"column":2},"end":{"line":81,"column":45}},"46":{"start":{"line":82,"column":2},"end":{"line":82,"column":21}},"47":{"start":{"line":84,"column":2},"end":{"line":84,"column":48}},"48":{"start":{"line":85,"column":2},"end":{"line":85,"column":25}},"49":{"start":{"line":88,"column":0},"end":{"line":88,"column":11}},"50":{"start":{"line":93,"column":4},"end":{"line":93,"column":24}},"51":{"start":{"line":94,"column":4},"end":{"line":94,"column":20}},"52":{"start":{"line":95,"column":4},"end":{"line":95,"column":28}},"53":{"start":{"line":100,"column":2},"end":{"line":100,"column":56}},"54":{"start":{"line":103,"column":0},"end":{"line":106,"column":2}},"55":{"start":{"line":108,"column":0},"end":{"line":111,"column":2}},"56":{"start":{"line":114,"column":14},"end":{"line":114,"column":35}},"57":{"start":{"line":131,"column":2},"end":{"line":152,"column":3}},"58":{"start":{"line":132,"column":4},"end":{"line":132,"column":66}},"59":{"start":{"line":133,"column":7},"end":{"line":152,"column":3}},"60":{"start":{"line":134,"column":4},"end":{"line":134,"column":66}},"61":{"start":{"line":135,"column":7},"end":{"line":152,"column":3}},"62":{"start":{"line":136,"column":4},"end":{"line":136,"column":55}},"63":{"start":{"line":138,"column":4},"end":{"line":151,"column":6}},"64":{"start":{"line":139,"column":17},"end":{"line":139,"column":34}},"65":{"start":{"line":140,"column":23},"end":{"line":140,"column":45}},"66":{"start":{"line":141,"column":6},"end":{"line":150,"column":8}},"67":{"start":{"line":142,"column":8},"end":{"line":149,"column":32}},"68":{"start":{"line":143,"column":10},"end":{"line":147,"column":12}},"69":{"start":{"line":146,"column":12},"end":{"line":146,"column":31}},"70":{"start":{"line":149,"column":13},"end":{"line":149,"column":32}},"71":{"start":{"line":156,"column":0},"end":{"line":160,"column":22}},"72":{"start":{"line":162,"column":0},"end":{"line":162,"column":26}},"73":{"start":{"line":163,"column":0},"end":{"line":163,"column":69}},"74":{"start":{"line":164,"column":26},"end":{"line":164,"column":101}},"75":{"start":{"line":166,"column":0},"end":{"line":166,"column":26}},"76":{"start":{"line":168,"column":0},"end":{"line":168,"column":30}},"77":{"start":{"line":169,"column":0},"end":{"line":169,"column":27}},"78":{"start":{"line":171,"column":0},"end":{"line":172,"column":67}},"79":{"start":{"line":174,"column":0},"end":{"line":181,"column":4}},"80":{"start":{"line":183,"column":0},"end":{"line":185,"column":2}},"81":{"start":{"line":186,"column":0},"end":{"line":186,"column":88}},"82":{"start":{"line":193,"column":13},"end":{"line":193,"column":108}},"83":{"start":{"line":193,"column":54},"end":{"line":193,"column":108}},"84":{"start":{"line":195,"column":0},"end":{"line":195,"column":31}},"85":{"start":{"line":196,"column":0},"end":{"line":196,"column":35}},"86":{"start":{"line":197,"column":0},"end":{"line":197,"column":32}},"87":{"start":{"line":199,"column":0},"end":{"line":207,"column":2}},"88":{"start":{"line":209,"column":20},"end":{"line":219,"column":1}},"89":{"start":{"line":210,"column":2},"end":{"line":218,"column":5}},"90":{"start":{"line":210,"column":28},"end":{"line":218,"column":4}},"91":{"start":{"line":211,"column":15},"end":{"line":211,"column":32}},"92":{"start":{"line":212,"column":21},"end":{"line":212,"column":43}},"93":{"start":{"line":213,"column":4},"end":{"line":217,"column":6}},"94":{"start":{"line":214,"column":29},"end":{"line":214,"column":35}},"95":{"start":{"line":215,"column":6},"end":{"line":215,"column":20}},"96":{"start":{"line":216,"column":6},"end":{"line":216,"column":15}},"97":{"start":{"line":223,"column":13},"end":{"line":223,"column":28}},"98":{"start":{"line":225,"column":2},"end":{"line":225,"column":32}},"99":{"start":{"line":226,"column":2},"end":{"line":226,"column":19}},"100":{"start":{"line":227,"column":2},"end":{"line":227,"column":49}},"101":{"start":{"line":228,"column":2},"end":{"line":228,"column":24}},"102":{"start":{"line":229,"column":2},"end":{"line":229,"column":20}},"103":{"start":{"line":230,"column":2},"end":{"line":230,"column":13}},"104":{"start":{"line":235,"column":13},"end":{"line":235,"column":30}},"105":{"start":{"line":236,"column":11},"end":{"line":236,"column":15}},"106":{"start":{"line":237,"column":2},"end":{"line":237,"column":20}},"107":{"start":{"line":238,"column":2},"end":{"line":238,"column":27}},"108":{"start":{"line":239,"column":2},"end":{"line":239,"column":17}},"109":{"start":{"line":240,"column":2},"end":{"line":240,"column":22}},"110":{"start":{"line":241,"column":2},"end":{"line":241,"column":24}},"111":{"start":{"line":242,"column":2},"end":{"line":242,"column":19}},"112":{"start":{"line":246,"column":2},"end":{"line":248,"column":3}},"113":{"start":{"line":247,"column":4},"end":{"line":247,"column":16}},"114":{"start":{"line":249,"column":2},"end":{"line":251,"column":3}},"115":{"start":{"line":250,"column":4},"end":{"line":250,"column":16}},"116":{"start":{"line":252,"column":2},"end":{"line":252,"column":13}},"117":{"start":{"line":256,"column":2},"end":{"line":259,"column":3}},"118":{"start":{"line":257,"column":4},"end":{"line":257,"column":44}},"119":{"start":{"line":258,"column":4},"end":{"line":258,"column":10}},"120":{"start":{"line":264,"column":14},"end":{"line":264,"column":47}},"121":{"start":{"line":267,"column":2},"end":{"line":277,"column":5}},"122":{"start":{"line":267,"column":27},"end":{"line":277,"column":4}},"123":{"start":{"line":268,"column":15},"end":{"line":268,"column":32}},"124":{"start":{"line":269,"column":21},"end":{"line":269,"column":43}},"125":{"start":{"line":270,"column":4},"end":{"line":276,"column":6}},"126":{"start":{"line":271,"column":17},"end":{"line":271,"column":61}},"127":{"start":{"line":272,"column":6},"end":{"line":272,"column":81}},"128":{"start":{"line":273,"column":6},"end":{"line":273,"column":20}},"129":{"start":{"line":274,"column":6},"end":{"line":274,"column":34}},"130":{"start":{"line":275,"column":6},"end":{"line":275,"column":11}},"131":{"start":{"line":278,"column":2},"end":{"line":278,"column":14}},"132":{"start":{"line":282,"column":2},"end":{"line":285,"column":4}},"133":{"start":{"line":283,"column":23},"end":{"line":283,"column":35}},"134":{"start":{"line":284,"column":4},"end":{"line":284,"column":30}},"135":{"start":{"line":289,"column":2},"end":{"line":311,"column":4}},"136":{"start":{"line":291,"column":4},"end":{"line":310,"column":5}},"137":{"start":{"line":315,"column":2},"end":{"line":318,"column":3}},"138":{"start":{"line":316,"column":15},"end":{"line":316,"column":32}},"139":{"start":{"line":317,"column":4},"end":{"line":317,"column":44}},"140":{"start":{"line":322,"column":2},"end":{"line":326,"column":3}},"141":{"start":{"line":323,"column":4},"end":{"line":323,"column":50}},"142":{"start":{"line":324,"column":12},"end":{"line":324,"column":46}},"143":{"start":{"line":325,"column":4},"end":{"line":325,"column":85}},"144":{"start":{"line":330,"column":2},"end":{"line":334,"column":3}},"145":{"start":{"line":331,"column":15},"end":{"line":331,"column":35}},"146":{"start":{"line":332,"column":4},"end":{"line":332,"column":33}},"147":{"start":{"line":333,"column":4},"end":{"line":333,"column":74}},"148":{"start":{"line":342,"column":2},"end":{"line":345,"column":4}},"149":{"start":{"line":347,"column":2},"end":{"line":347,"column":38}},"150":{"start":{"line":349,"column":2},"end":{"line":349,"column":46}},"151":{"start":{"line":351,"column":2},"end":{"line":351,"column":46}},"152":{"start":{"line":353,"column":2},"end":{"line":355,"column":4}},"153":{"start":{"line":358,"column":0},"end":{"line":358,"column":33}},"154":{"start":{"line":361,"column":2},"end":{"line":361,"column":38}},"155":{"start":{"line":362,"column":2},"end":{"line":362,"column":41}},"156":{"start":{"line":363,"column":2},"end":{"line":363,"column":31}},"157":{"start":{"line":364,"column":2},"end":{"line":379,"column":3}},"158":{"start":{"line":365,"column":4},"end":{"line":365,"column":56}},"159":{"start":{"line":366,"column":4},"end":{"line":366,"column":42}},"160":{"start":{"line":367,"column":4},"end":{"line":367,"column":22}},"161":{"start":{"line":368,"column":4},"end":{"line":368,"column":42}},"162":{"start":{"line":369,"column":4},"end":{"line":369,"column":13}},"163":{"start":{"line":372,"column":4},"end":{"line":377,"column":5}},"164":{"start":{"line":374,"column":6},"end":{"line":376,"column":7}},"165":{"start":{"line":378,"column":4},"end":{"line":378,"column":13}},"166":{"start":{"line":383,"column":2},"end":{"line":386,"column":3}},"167":{"start":{"line":384,"column":4},"end":{"line":384,"column":44}},"168":{"start":{"line":385,"column":4},"end":{"line":385,"column":10}},"169":{"start":{"line":388,"column":2},"end":{"line":388,"column":43}},"170":{"start":{"line":388,"column":31},"end":{"line":388,"column":42}},"171":{"start":{"line":389,"column":2},"end":{"line":397,"column":3}},"172":{"start":{"line":390,"column":4},"end":{"line":390,"column":37}},"173":{"start":{"line":391,"column":4},"end":{"line":391,"column":44}},"174":{"start":{"line":392,"column":4},"end":{"line":392,"column":10}},"175":{"start":{"line":394,"column":7},"end":{"line":397,"column":3}},"176":{"start":{"line":395,"column":4},"end":{"line":395,"column":44}},"177":{"start":{"line":396,"column":4},"end":{"line":396,"column":10}},"178":{"start":{"line":398,"column":2},"end":{"line":398,"column":34}},"179":{"start":{"line":399,"column":13},"end":{"line":399,"column":33}},"180":{"start":{"line":401,"column":2},"end":{"line":405,"column":3}},"181":{"start":{"line":402,"column":4},"end":{"line":402,"column":27}},"182":{"start":{"line":403,"column":4},"end":{"line":403,"column":44}},"183":{"start":{"line":404,"column":4},"end":{"line":404,"column":10}},"184":{"start":{"line":406,"column":2},"end":{"line":406,"column":42}},"185":{"start":{"line":407,"column":2},"end":{"line":407,"column":55}},"186":{"start":{"line":410,"column":0},"end":{"line":412,"column":166}}},"fnMap":{"0":{"name":"checkMongo","decl":{"start":{"line":30,"column":15},"end":{"line":30,"column":25}},"loc":{"start":{"line":30,"column":28},"end":{"line":43,"column":1}},"line":30},"1":{"name":"(anonymous_1)","decl":{"start":{"line":31,"column":20},"end":{"line":31,"column":21}},"loc":{"start":{"line":31,"column":25},"end":{"line":31,"column":44}},"line":31},"2":{"name":"(anonymous_2)","decl":{"start":{"line":32,"column":21},"end":{"line":32,"column":22}},"loc":{"start":{"line":32,"column":28},"end":{"line":42,"column":3}},"line":32},"3":{"name":"(anonymous_3)","decl":{"start":{"line":34,"column":29},"end":{"line":34,"column":30}},"loc":{"start":{"line":34,"column":52},"end":{"line":41,"column":5}},"line":34},"4":{"name":"insertRooms","decl":{"start":{"line":45,"column":9},"end":{"line":45,"column":20}},"loc":{"start":{"line":45,"column":23},"end":{"line":58,"column":1}},"line":45},"5":{"name":"(anonymous_5)","decl":{"start":{"line":46,"column":21},"end":{"line":46,"column":22}},"loc":{"start":{"line":46,"column":28},"end":{"line":57,"column":3}},"line":46},"6":{"name":"(anonymous_6)","decl":{"start":{"line":47,"column":29},"end":{"line":47,"column":30}},"loc":{"start":{"line":47,"column":52},"end":{"line":56,"column":5}},"line":47},"7":{"name":"(anonymous_7)","decl":{"start":{"line":51,"column":33},"end":{"line":51,"column":34}},"loc":{"start":{"line":51,"column":50},"end":{"line":55,"column":7}},"line":51},"8":{"name":"initializeRooms","decl":{"start":{"line":60,"column":9},"end":{"line":60,"column":24}},"loc":{"start":{"line":60,"column":27},"end":{"line":74,"column":1}},"line":60},"9":{"name":"(anonymous_9)","decl":{"start":{"line":61,"column":21},"end":{"line":61,"column":22}},"loc":{"start":{"line":61,"column":28},"end":{"line":73,"column":3}},"line":61},"10":{"name":"(anonymous_10)","decl":{"start":{"line":62,"column":29},"end":{"line":62,"column":30}},"loc":{"start":{"line":62,"column":52},"end":{"line":72,"column":5}},"line":62},"11":{"name":"(anonymous_11)","decl":{"start":{"line":68,"column":16},"end":{"line":68,"column":17}},"loc":{"start":{"line":68,"column":30},"end":{"line":70,"column":7}},"line":68},"12":{"name":"initRooms","decl":{"start":{"line":76,"column":15},"end":{"line":76,"column":24}},"loc":{"start":{"line":76,"column":27},"end":{"line":86,"column":1}},"line":76},"13":{"name":"(anonymous_13)","decl":{"start":{"line":92,"column":2},"end":{"line":92,"column":3}},"loc":{"start":{"line":92,"column":38},"end":{"line":96,"column":3}},"line":92},"14":{"name":"loggedIn","decl":{"start":{"line":99,"column":9},"end":{"line":99,"column":17}},"loc":{"start":{"line":99,"column":25},"end":{"line":101,"column":1}},"line":99},"15":{"name":"passport_callback","decl":{"start":{"line":113,"column":9},"end":{"line":113,"column":26}},"loc":{"start":{"line":113,"column":69},"end":{"line":153,"column":1}},"line":113},"16":{"name":"(anonymous_16)","decl":{"start":{"line":138,"column":29},"end":{"line":138,"column":30}},"loc":{"start":{"line":138,"column":52},"end":{"line":151,"column":5}},"line":138},"17":{"name":"(anonymous_17)","decl":{"start":{"line":141,"column":34},"end":{"line":141,"column":35}},"loc":{"start":{"line":141,"column":51},"end":{"line":150,"column":7}},"line":141},"18":{"name":"(anonymous_18)","decl":{"start":{"line":143,"column":60},"end":{"line":143,"column":61}},"loc":{"start":{"line":143,"column":67},"end":{"line":147,"column":11}},"line":143},"19":{"name":"(anonymous_19)","decl":{"start":{"line":193,"column":13},"end":{"line":193,"column":14}},"loc":{"start":{"line":193,"column":54},"end":{"line":193,"column":108}},"line":193},"20":{"name":"(anonymous_20)","decl":{"start":{"line":209,"column":20},"end":{"line":209,"column":21}},"loc":{"start":{"line":209,"column":34},"end":{"line":219,"column":1}},"line":209},"21":{"name":"(anonymous_21)","decl":{"start":{"line":210,"column":21},"end":{"line":210,"column":22}},"loc":{"start":{"line":210,"column":28},"end":{"line":218,"column":4}},"line":210},"22":{"name":"(anonymous_22)","decl":{"start":{"line":210,"column":53},"end":{"line":210,"column":54}},"loc":{"start":{"line":210,"column":76},"end":{"line":218,"column":3}},"line":210},"23":{"name":"(anonymous_23)","decl":{"start":{"line":213,"column":31},"end":{"line":213,"column":32}},"loc":{"start":{"line":213,"column":48},"end":{"line":217,"column":5}},"line":213},"24":{"name":"joinRoom","decl":{"start":{"line":222,"column":9},"end":{"line":222,"column":17}},"loc":{"start":{"line":222,"column":56},"end":{"line":232,"column":1}},"line":222},"25":{"name":"moveRoom","decl":{"start":{"line":234,"column":9},"end":{"line":234,"column":17}},"loc":{"start":{"line":234,"column":53},"end":{"line":243,"column":1}},"line":234},"26":{"name":"validLocation","decl":{"start":{"line":245,"column":9},"end":{"line":245,"column":22}},"loc":{"start":{"line":245,"column":34},"end":{"line":253,"column":1}},"line":245},"27":{"name":"invalidRoomMsg","decl":{"start":{"line":255,"column":9},"end":{"line":255,"column":23}},"loc":{"start":{"line":255,"column":38},"end":{"line":260,"column":1}},"line":255},"28":{"name":"handleNewSocket","decl":{"start":{"line":263,"column":15},"end":{"line":263,"column":30}},"loc":{"start":{"line":263,"column":39},"end":{"line":279,"column":1}},"line":263},"29":{"name":"(anonymous_29)","decl":{"start":{"line":267,"column":20},"end":{"line":267,"column":21}},"loc":{"start":{"line":267,"column":27},"end":{"line":277,"column":4}},"line":267},"30":{"name":"(anonymous_30)","decl":{"start":{"line":267,"column":52},"end":{"line":267,"column":53}},"loc":{"start":{"line":267,"column":75},"end":{"line":277,"column":3}},"line":267},"31":{"name":"(anonymous_31)","decl":{"start":{"line":270,"column":32},"end":{"line":270,"column":33}},"loc":{"start":{"line":270,"column":55},"end":{"line":276,"column":5}},"line":270},"32":{"name":"fetchEmailLocation","decl":{"start":{"line":281,"column":9},"end":{"line":281,"column":27}},"loc":{"start":{"line":281,"column":34},"end":{"line":286,"column":1}},"line":281},"33":{"name":"(anonymous_33)","decl":{"start":{"line":282,"column":30},"end":{"line":282,"column":31}},"loc":{"start":{"line":282,"column":39},"end":{"line":285,"column":3}},"line":282},"34":{"name":"changeRoomCallback","decl":{"start":{"line":288,"column":9},"end":{"line":288,"column":27}},"loc":{"start":{"line":288,"column":54},"end":{"line":312,"column":1}},"line":288},"35":{"name":"(anonymous_35)","decl":{"start":{"line":289,"column":21},"end":{"line":289,"column":22}},"loc":{"start":{"line":289,"column":28},"end":{"line":311,"column":3}},"line":289},"36":{"name":"handleChat","decl":{"start":{"line":314,"column":9},"end":{"line":314,"column":19}},"loc":{"start":{"line":314,"column":27},"end":{"line":319,"column":1}},"line":314},"37":{"name":"(anonymous_37)","decl":{"start":{"line":315,"column":9},"end":{"line":315,"column":10}},"loc":{"start":{"line":315,"column":20},"end":{"line":318,"column":3}},"line":315},"38":{"name":"handleMove","decl":{"start":{"line":321,"column":9},"end":{"line":321,"column":19}},"loc":{"start":{"line":321,"column":35},"end":{"line":327,"column":1}},"line":321},"39":{"name":"(anonymous_39)","decl":{"start":{"line":322,"column":9},"end":{"line":322,"column":10}},"loc":{"start":{"line":322,"column":27},"end":{"line":326,"column":3}},"line":322},"40":{"name":"handleRoom","decl":{"start":{"line":329,"column":9},"end":{"line":329,"column":19}},"loc":{"start":{"line":329,"column":35},"end":{"line":335,"column":1}},"line":329},"41":{"name":"(anonymous_41)","decl":{"start":{"line":330,"column":9},"end":{"line":330,"column":10}},"loc":{"start":{"line":330,"column":21},"end":{"line":334,"column":3}},"line":330},"42":{"name":"onConnection","decl":{"start":{"line":337,"column":15},"end":{"line":337,"column":27}},"loc":{"start":{"line":337,"column":43},"end":{"line":356,"column":1}},"line":337},"43":{"name":"checkDisconnect","decl":{"start":{"line":360,"column":9},"end":{"line":360,"column":24}},"loc":{"start":{"line":360,"column":32},"end":{"line":380,"column":1}},"line":360},"44":{"name":"moveCheck","decl":{"start":{"line":382,"column":9},"end":{"line":382,"column":18}},"loc":{"start":{"line":382,"column":44},"end":{"line":408,"column":1}},"line":382},"45":{"name":"(anonymous_45)","decl":{"start":{"line":388,"column":26},"end":{"line":388,"column":27}},"loc":{"start":{"line":388,"column":31},"end":{"line":388,"column":42}},"line":388}},"branchMap":{"0":{"loc":{"start":{"line":100,"column":9},"end":{"line":100,"column":56}},"type":"cond-expr","locations":[{"start":{"line":100,"column":44},"end":{"line":100,"column":48}},{"start":{"line":100,"column":51},"end":{"line":100,"column":56}}],"line":100},"1":{"loc":{"start":{"line":131,"column":2},"end":{"line":152,"column":3}},"type":"if","locations":[{"start":{"line":131,"column":2},"end":{"line":152,"column":3}},{"start":{"line":131,"column":2},"end":{"line":152,"column":3}}],"line":131},"2":{"loc":{"start":{"line":133,"column":7},"end":{"line":152,"column":3}},"type":"if","locations":[{"start":{"line":133,"column":7},"end":{"line":152,"column":3}},{"start":{"line":133,"column":7},"end":{"line":152,"column":3}}],"line":133},"3":{"loc":{"start":{"line":133,"column":11},"end":{"line":133,"column":88}},"type":"binary-expr","locations":[{"start":{"line":133,"column":11},"end":{"line":133,"column":48}},{"start":{"line":133,"column":52},"end":{"line":133,"column":88}}],"line":133},"4":{"loc":{"start":{"line":135,"column":7},"end":{"line":152,"column":3}},"type":"if","locations":[{"start":{"line":135,"column":7},"end":{"line":152,"column":3}},{"start":{"line":135,"column":7},"end":{"line":152,"column":3}}],"line":135},"5":{"loc":{"start":{"line":142,"column":8},"end":{"line":149,"column":32}},"type":"if","locations":[{"start":{"line":142,"column":8},"end":{"line":149,"column":32}},{"start":{"line":142,"column":8},"end":{"line":149,"column":32}}],"line":142},"6":{"loc":{"start":{"line":246,"column":2},"end":{"line":248,"column":3}},"type":"if","locations":[{"start":{"line":246,"column":2},"end":{"line":248,"column":3}},{"start":{"line":246,"column":2},"end":{"line":248,"column":3}}],"line":246},"7":{"loc":{"start":{"line":249,"column":2},"end":{"line":251,"column":3}},"type":"if","locations":[{"start":{"line":249,"column":2},"end":{"line":251,"column":3}},{"start":{"line":249,"column":2},"end":{"line":251,"column":3}}],"line":249},"8":{"loc":{"start":{"line":249,"column":6},"end":{"line":249,"column":82}},"type":"binary-expr","locations":[{"start":{"line":249,"column":6},"end":{"line":249,"column":21}},{"start":{"line":249,"column":25},"end":{"line":249,"column":42}},{"start":{"line":249,"column":46},"end":{"line":249,"column":61}},{"start":{"line":249,"column":65},"end":{"line":249,"column":82}}],"line":249},"9":{"loc":{"start":{"line":256,"column":2},"end":{"line":259,"column":3}},"type":"if","locations":[{"start":{"line":256,"column":2},"end":{"line":259,"column":3}},{"start":{"line":256,"column":2},"end":{"line":259,"column":3}}],"line":256},"10":{"loc":{"start":{"line":291,"column":4},"end":{"line":310,"column":5}},"type":"if","locations":[{"start":{"line":291,"column":4},"end":{"line":310,"column":5}}],"line":291},"11":{"loc":{"start":{"line":364,"column":2},"end":{"line":379,"column":3}},"type":"if","locations":[{"start":{"line":364,"column":2},"end":{"line":379,"column":3}},{"start":{"line":364,"column":2},"end":{"line":379,"column":3}}],"line":364},"12":{"loc":{"start":{"line":374,"column":6},"end":{"line":376,"column":7}},"type":"if","locations":[{"start":{"line":374,"column":6},"end":{"line":376,"column":7}}],"line":374},"13":{"loc":{"start":{"line":383,"column":2},"end":{"line":386,"column":3}},"type":"if","locations":[{"start":{"line":383,"column":2},"end":{"line":386,"column":3}},{"start":{"line":383,"column":2},"end":{"line":386,"column":3}}],"line":383},"14":{"loc":{"start":{"line":389,"column":2},"end":{"line":397,"column":3}},"type":"if","locations":[{"start":{"line":389,"column":2},"end":{"line":397,"column":3}},{"start":{"line":389,"column":2},"end":{"line":397,"column":3}}],"line":389},"15":{"loc":{"start":{"line":389,"column":6},"end":{"line":389,"column":107}},"type":"binary-expr","locations":[{"start":{"line":389,"column":6},"end":{"line":389,"column":27}},{"start":{"line":389,"column":31},"end":{"line":389,"column":46}},{"start":{"line":389,"column":50},"end":{"line":389,"column":67}},{"start":{"line":389,"column":71},"end":{"line":389,"column":86}},{"start":{"line":389,"column":90},"end":{"line":389,"column":107}}],"line":389},"16":{"loc":{"start":{"line":394,"column":7},"end":{"line":397,"column":3}},"type":"if","locations":[{"start":{"line":394,"column":7},"end":{"line":397,"column":3}},{"start":{"line":394,"column":7},"end":{"line":397,"column":3}}],"line":394},"17":{"loc":{"start":{"line":401,"column":2},"end":{"line":405,"column":3}},"type":"if","locations":[{"start":{"line":401,"column":2},"end":{"line":405,"column":3}},{"start":{"line":401,"column":2},"end":{"line":405,"column":3}}],"line":401}},"s":{"0":1,"1":1,"2":1,"3":1,"4":1,"5":1,"6":1,"7":1,"8":1,"9":1,"10":1,"11":1,"12":1,"13":1,"14":1,"15":1,"16":1,"17":1,"18":1,"19":3,"20":3,"21":2,"22":2,"23":2,"24":2,"25":2,"26":2,"27":2,"28":2,"29":2,"30":2,"31":2,"32":2,"33":2,"34":2,"35":2,"36":2,"37":2,"38":2,"39":2,"40":48,"41":2,"42":2,"43":2,"44":2,"45":1,"46":1,"47":1,"48":1,"49":1,"50":2,"51":2,"52":2,"53":6,"54":1,"55":1,"56":6,"57":6,"58":1,"59":5,"60":2,"61":3,"62":1,"63":2,"64":2,"65":2,"66":2,"67":2,"68":1,"69":1,"70":1,"71":1,"72":1,"73":1,"74":1,"75":1,"76":1,"77":1,"78":1,"79":1,"80":1,"81":1,"82":1,"83":3,"84":1,"85":1,"86":1,"87":1,"88":1,"89":5,"90":5,"91":5,"92":5,"93":5,"94":5,"95":5,"96":5,"97":2,"98":2,"99":2,"100":2,"101":2,"102":2,"103":2,"104":2,"105":2,"106":2,"107":2,"108":2,"109":2,"110":2,"111":2,"112":5,"113":1,"114":4,"115":2,"116":2,"117":2,"118":1,"119":1,"120":1,"121":1,"122":1,"123":1,"124":1,"125":1,"126":1,"127":1,"128":1,"129":1,"130":1,"131":1,"132":5,"133":4,"134":4,"135":1,"136":1,"137":2,"138":1,"139":1,"140":2,"141":1,"142":1,"143":1,"144":2,"145":1,"146":1,"147":1,"148":1,"149":1,"150":1,"151":1,"152":1,"153":1,"154":2,"155":2,"156":2,"157":2,"158":1,"159":1,"160":1,"161":1,"162":1,"163":1,"164":25,"165":1,"166":10,"167":1,"168":1,"169":9,"170":19,"171":9,"172":5,"173":5,"174":5,"175":4,"176":1,"177":1,"178":3,"179":3,"180":3,"181":1,"182":1,"183":1,"184":2,"185":2,"186":1},"f":{"0":3,"1":3,"2":2,"3":2,"4":2,"5":2,"6":2,"7":2,"8":2,"9":2,"10":2,"11":48,"12":2,"13":2,"14":6,"15":6,"16":2,"17":2,"18":1,"19":3,"20":5,"21":5,"22":5,"23":5,"24":2,"25":2,"26":5,"27":2,"28":1,"29":1,"30":1,"31":1,"32":5,"33":4,"34":1,"35":1,"36":2,"37":1,"38":2,"39":1,"40":2,"41":1,"42":1,"43":2,"44":10,"45":19},"b":{"0":[2,4],"1":[1,5],"2":[2,3],"3":[5,2],"4":[1,2],"5":[1,1],"6":[1,4],"7":[2,2],"8":[4,3,3,3],"9":[1,1],"10":[0],"11":[1,1],"12":[0],"13":[1,9],"14":[5,4],"15":[9,8,7,6,5],"16":[1,3],"17":[1,2]},"_coverageSchema":"1a1c01bbd47fc00a2c39e90264f33305004495a9","hash":"df9b1224908403f21c14e6acc073a260e553fb59"}
}
