TN:
SF:app.js
FN:30,checkMongo
FN:31,(anonymous_1)
FN:32,(anonymous_2)
FN:34,(anonymous_3)
FN:45,insertRooms
FN:46,(anonymous_5)
FN:47,(anonymous_6)
FN:51,(anonymous_7)
FN:60,initializeRooms
FN:61,(anonymous_9)
FN:62,(anonymous_10)
FN:68,(anonymous_11)
FN:76,initRooms
FN:92,(anonymous_13)
FN:99,loggedIn
FN:113,passport_callback
FN:138,(anonymous_16)
FN:141,(anonymous_17)
FN:143,(anonymous_18)
FN:193,(anonymous_19)
FN:209,(anonymous_20)
FN:210,(anonymous_21)
FN:210,(anonymous_22)
FN:213,(anonymous_23)
FN:222,joinRoom
FN:234,moveRoom
FN:245,validLocation
FN:255,invalidRoomMsg
FN:263,handleNewSocket
FN:267,(anonymous_29)
FN:267,(anonymous_30)
FN:270,(anonymous_31)
FN:281,fetchEmailLocation
FN:282,(anonymous_33)
FN:288,changeRoomCallback
FN:289,(anonymous_35)
FN:314,handleChat
FN:315,(anonymous_37)
FN:321,handleMove
FN:322,(anonymous_39)
FN:329,handleRoom
FN:330,(anonymous_41)
FN:337,onConnection
FN:360,checkDisconnect
FN:382,moveCheck
FN:388,(anonymous_45)
FNF:46
FNH:46
FNDA:3,checkMongo
FNDA:3,(anonymous_1)
FNDA:2,(anonymous_2)
FNDA:2,(anonymous_3)
FNDA:2,insertRooms
FNDA:2,(anonymous_5)
FNDA:2,(anonymous_6)
FNDA:2,(anonymous_7)
FNDA:2,initializeRooms
FNDA:2,(anonymous_9)
FNDA:2,(anonymous_10)
FNDA:48,(anonymous_11)
FNDA:2,initRooms
FNDA:2,(anonymous_13)
FNDA:6,loggedIn
FNDA:6,passport_callback
FNDA:2,(anonymous_16)
FNDA:2,(anonymous_17)
FNDA:1,(anonymous_18)
FNDA:3,(anonymous_19)
FNDA:5,(anonymous_20)
FNDA:5,(anonymous_21)
FNDA:5,(anonymous_22)
FNDA:5,(anonymous_23)
FNDA:2,joinRoom
FNDA:2,moveRoom
FNDA:5,validLocation
FNDA:2,invalidRoomMsg
FNDA:1,handleNewSocket
FNDA:1,(anonymous_29)
FNDA:1,(anonymous_30)
FNDA:1,(anonymous_31)
FNDA:5,fetchEmailLocation
FNDA:4,(anonymous_33)
FNDA:1,changeRoomCallback
FNDA:1,(anonymous_35)
FNDA:2,handleChat
FNDA:1,(anonymous_37)
FNDA:2,handleMove
FNDA:1,(anonymous_39)
FNDA:2,handleRoom
FNDA:1,(anonymous_41)
FNDA:1,onConnection
FNDA:2,checkDisconnect
FNDA:10,moveCheck
FNDA:19,(anonymous_45)
DA:1,1
DA:2,1
DA:3,1
DA:4,1
DA:5,1
DA:6,1
DA:14,1
DA:15,1
DA:16,1
DA:17,1
DA:18,1
DA:19,1
DA:20,1
DA:21,1
DA:22,1
DA:23,1
DA:25,1
DA:26,1
DA:28,1
DA:31,3
DA:32,2
DA:33,2
DA:34,2
DA:40,2
DA:46,2
DA:47,2
DA:48,2
DA:49,2
DA:50,2
DA:51,2
DA:52,2
DA:53,2
DA:54,2
DA:61,2
DA:62,2
DA:65,2
DA:66,2
DA:67,2
DA:68,2
DA:69,48
DA:71,2
DA:77,2
DA:78,2
DA:79,2
DA:81,1
DA:82,1
DA:84,1
DA:85,1
DA:88,1
DA:93,2
DA:94,2
DA:95,2
DA:100,6
DA:103,1
DA:108,1
DA:114,6
DA:131,6
DA:132,1
DA:133,5
DA:134,2
DA:135,3
DA:136,1
DA:138,2
DA:139,2
DA:140,2
DA:141,2
DA:142,2
DA:143,1
DA:146,1
DA:149,1
DA:156,1
DA:162,1
DA:163,1
DA:164,1
DA:166,1
DA:168,1
DA:169,1
DA:171,1
DA:174,1
DA:183,1
DA:186,1
DA:193,3
DA:195,1
DA:196,1
DA:197,1
DA:199,1
DA:209,1
DA:210,5
DA:211,5
DA:212,5
DA:213,5
DA:214,5
DA:215,5
DA:216,5
DA:223,2
DA:225,2
DA:226,2
DA:227,2
DA:228,2
DA:229,2
DA:230,2
DA:235,2
DA:236,2
DA:237,2
DA:238,2
DA:239,2
DA:240,2
DA:241,2
DA:242,2
DA:246,5
DA:247,1
DA:249,4
DA:250,2
DA:252,2
DA:256,2
DA:257,1
DA:258,1
DA:264,1
DA:267,1
DA:268,1
DA:269,1
DA:270,1
DA:271,1
DA:272,1
DA:273,1
DA:274,1
DA:275,1
DA:278,1
DA:282,5
DA:283,4
DA:284,4
DA:289,1
DA:291,1
DA:315,2
DA:316,1
DA:317,1
DA:322,2
DA:323,1
DA:324,1
DA:325,1
DA:330,2
DA:331,1
DA:332,1
DA:333,1
DA:342,1
DA:347,1
DA:349,1
DA:351,1
DA:353,1
DA:358,1
DA:361,2
DA:362,2
DA:363,2
DA:364,2
DA:365,1
DA:366,1
DA:367,1
DA:368,1
DA:369,1
DA:372,1
DA:374,25
DA:378,1
DA:383,10
DA:384,1
DA:385,1
DA:388,19
DA:389,9
DA:390,5
DA:391,5
DA:392,5
DA:394,4
DA:395,1
DA:396,1
DA:398,3
DA:399,3
DA:401,3
DA:402,1
DA:403,1
DA:404,1
DA:406,2
DA:407,2
DA:410,1
LF:182
LH:182
BRDA:100,0,0,2
BRDA:100,0,1,4
BRDA:131,1,0,1
BRDA:131,1,1,5
BRDA:133,2,0,2
BRDA:133,2,1,3
BRDA:133,3,0,5
BRDA:133,3,1,2
BRDA:135,4,0,1
BRDA:135,4,1,2
BRDA:142,5,0,1
BRDA:142,5,1,1
BRDA:246,6,0,1
BRDA:246,6,1,4
BRDA:249,7,0,2
BRDA:249,7,1,2
BRDA:249,8,0,4
BRDA:249,8,1,3
BRDA:249,8,2,3
BRDA:249,8,3,3
BRDA:256,9,0,1
BRDA:256,9,1,1
BRDA:291,10,0,0
BRDA:364,11,0,1
BRDA:364,11,1,1
BRDA:374,12,0,0
BRDA:383,13,0,1
BRDA:383,13,1,9
BRDA:389,14,0,5
BRDA:389,14,1,4
BRDA:389,15,0,9
BRDA:389,15,1,8
BRDA:389,15,2,7
BRDA:389,15,3,6
BRDA:389,15,4,5
BRDA:394,16,0,1
BRDA:394,16,1,3
BRDA:401,17,0,1
BRDA:401,17,1,2
BRF:39
BRH:37
end_of_record
